<?xml version="1.0" encoding="UTF-8"?>
<testsuites name="true" time="0" tests="2" failures="2">
  <testsuite name="Root Suite" timestamp="2019-12-19T09:30:29" tests="0" failures="0" time="0">
  </testsuite>
  <testsuite name="Analytics Report" timestamp="2019-12-19T09:30:29" tests="2" failures="2" time="0">
    <testcase name="Analytics Report Post Login,Loan Summary" time="0" classname="Post Login,Loan Summary">
      <failure message="Timed out retrying: Expected to find element: &apos;[ng-if=&quot;vm.t2_118 || vm.ONE_SG || vm.rapidFinanace&quot;] &gt; .flex-1.ml5 &gt; chart.wid-100 &gt; [ng-if=&quot;vm.config&quot;] &gt; #chart-&apos;, but never found it." type="CypressError"><![CDATA[CypressError: Timed out retrying: Expected to find element: '[ng-if="vm.t2_118 || vm.ONE_SG || vm.rapidFinanace"] > .flex-1.ml5 > chart.wid-100 > [ng-if="vm.config"] > #chart-', but never found it.
    at Object.cypressErr (https://oxane-test.hq.sofinvestments.com/__cypress/runner/cypress_runner.js:85348:11)
    at Object.throwErr (https://oxane-test.hq.sofinvestments.com/__cypress/runner/cypress_runner.js:85303:18)
    at Object.throwErrByPath (https://oxane-test.hq.sofinvestments.com/__cypress/runner/cypress_runner.js:85335:17)
    at retry (https://oxane-test.hq.sofinvestments.com/__cypress/runner/cypress_runner.js:77321:16)
    at onFailFn (https://oxane-test.hq.sofinvestments.com/__cypress/runner/cypress_runner.js:68422:16)
    at tryCatcher (https://oxane-test.hq.sofinvestments.com/__cypress/runner/cypress_runner.js:118962:23)
    at Promise._settlePromiseFromHandler (https://oxane-test.hq.sofinvestments.com/__cypress/runner/cypress_runner.js:116898:31)
    at Promise._settlePromise (https://oxane-test.hq.sofinvestments.com/__cypress/runner/cypress_runner.js:116955:18)
    at Promise._settlePromise0 (https://oxane-test.hq.sofinvestments.com/__cypress/runner/cypress_runner.js:117000:10)
    at Promise._settlePromises (https://oxane-test.hq.sofinvestments.com/__cypress/runner/cypress_runner.js:117075:18)
    at Async../node_modules/bluebird/js/release/async.js.Async._drainQueue (https://oxane-test.hq.sofinvestments.com/__cypress/runner/cypress_runner.js:113687:16)
    at Async../node_modules/bluebird/js/release/async.js.Async._drainQueues (https://oxane-test.hq.sofinvestments.com/__cypress/runner/cypress_runner.js:113697:10)
    at Async.drainQueues (https://oxane-test.hq.sofinvestments.com/__cypress/runner/cypress_runner.js:113571:14)
    at <anonymous>]]></failure>
    </testcase>
    <testcase name="Analytics Report Post Login, Stratification" time="0" classname="Post Login, Stratification">
      <failure message="Timed out retrying: Expected to find element: &apos;:nth-child(4) &gt; chart.ng-isolate-scope &gt; [ng-if=&quot;vm.config&quot;] &gt; #chart-&apos;, but never found it." type="CypressError"><![CDATA[CypressError: Timed out retrying: Expected to find element: ':nth-child(4) > chart.ng-isolate-scope > [ng-if="vm.config"] > #chart-', but never found it.
    at Object.cypressErr (https://oxane-test.hq.sofinvestments.com/__cypress/runner/cypress_runner.js:85348:11)
    at Object.throwErr (https://oxane-test.hq.sofinvestments.com/__cypress/runner/cypress_runner.js:85303:18)
    at Object.throwErrByPath (https://oxane-test.hq.sofinvestments.com/__cypress/runner/cypress_runner.js:85335:17)
    at retry (https://oxane-test.hq.sofinvestments.com/__cypress/runner/cypress_runner.js:77321:16)
    at onFailFn (https://oxane-test.hq.sofinvestments.com/__cypress/runner/cypress_runner.js:68422:16)
    at tryCatcher (https://oxane-test.hq.sofinvestments.com/__cypress/runner/cypress_runner.js:118962:23)
    at Promise._settlePromiseFromHandler (https://oxane-test.hq.sofinvestments.com/__cypress/runner/cypress_runner.js:116898:31)
    at Promise._settlePromise (https://oxane-test.hq.sofinvestments.com/__cypress/runner/cypress_runner.js:116955:18)
    at Promise._settlePromise0 (https://oxane-test.hq.sofinvestments.com/__cypress/runner/cypress_runner.js:117000:10)
    at Promise._settlePromises (https://oxane-test.hq.sofinvestments.com/__cypress/runner/cypress_runner.js:117075:18)
    at Async../node_modules/bluebird/js/release/async.js.Async._drainQueue (https://oxane-test.hq.sofinvestments.com/__cypress/runner/cypress_runner.js:113687:16)
    at Async../node_modules/bluebird/js/release/async.js.Async._drainQueues (https://oxane-test.hq.sofinvestments.com/__cypress/runner/cypress_runner.js:113697:10)
    at Async.drainQueues (https://oxane-test.hq.sofinvestments.com/__cypress/runner/cypress_runner.js:113571:14)
    at <anonymous>]]></failure>
    </testcase>
  </testsuite>
</testsuites>